<?xml version="1.0" encoding="UTF-8" ?>
<testsuite tests="5" failures="0" name="com.hnguigu.manage_cms.dao.CmsPageRepositoryTest" time="0.874" errors="0" skipped="0">
  <properties>
[...]
</properties>
  <testcase classname="com.hnguigu.manage_cms.dao.CmsPageRepositoryTest" name="testfindByPageName" time="0.723"/>
  <testcase classname="com.hnguigu.manage_cms.dao.CmsPageRepositoryTest" name="testFindAll" time="0.026"/>
  <testcase classname="com.hnguigu.manage_cms.dao.CmsPageRepositoryTest" name="testFindAllByExample" time="0.046"/>
  <testcase classname="com.hnguigu.manage_cms.dao.CmsPageRepositoryTest" name="testFindPage" time="0.01"/>
  <testcase classname="com.hnguigu.manage_cms.dao.CmsPageRepositoryTest" name="testUpdate" time="0.069"/>
</testsuite>