<?xml version="1.0" encoding="UTF-8" ?>
<testsuite tests="5" failures="0" name="com.hnguigu.manage_cms.dao.CmsPageRepositoryTest" time="0.489" errors="0" skipped="0">
  <properties>
[...]
</properties>
  <testcase classname="com.hnguigu.manage_cms.dao.CmsPageRepositoryTest" name="testfindByPageName" time="0.409"/>
  <testcase classname="com.hnguigu.manage_cms.dao.CmsPageRepositoryTest" name="testFindAll" time="0.032"/>
  <testcase classname="com.hnguigu.manage_cms.dao.CmsPageRepositoryTest" name="testFindAllByExample" time="0.022"/>
  <testcase classname="com.hnguigu.manage_cms.dao.CmsPageRepositoryTest" name="testFindPage" time="0.013"/>
  <testcase classname="com.hnguigu.manage_cms.dao.CmsPageRepositoryTest" name="testUpdate" time="0.013"/>
</testsuite>